<?xml version="1.0" encoding="UTF-8"?>
<testsuite xmlns:xsi="http://www.w3.org/2001/XMLSchema-instance" xsi:noNamespaceSchemaLocation="https://maven.apache.org/surefire/maven-surefire-plugin/xsd/surefire-test-report.xsd" name="es.uma.mps.DoublyLinkedListDequeTest" time="0.006" tests="8" errors="0" skipped="0" failures="0">
  <properties>
[...]
</properties>
  <testcase name="emptyDoublyLinkedListDeque" classname="es.uma.mps.DoublyLinkedListDequeTest$test" time="0"/>
  <testcase name="twoNodesDoublyLinkedListDeque" classname="es.uma.mps.DoublyLinkedListDequeTest$test" time="0"/>
  <testcase name="threeNodesDoublyLinkedListDeque" classname="es.uma.mps.DoublyLinkedListDequeTest$test" time="0"/>
  <testcase name="CheckPrependWithValues" classname="es.uma.mps.DoublyLinkedListDequeTest$test" time="0"/>
  <testcase name="CheckDeleteLastWithValues" classname="es.uma.mps.DoublyLinkedListDequeTest$test" time="0"/>
  <testcase name="CheckApendWithValues" classname="es.uma.mps.DoublyLinkedListDequeTest$test" time="0"/>
  <testcase name="oneNodeDoublyLinkedListDeque" classname="es.uma.mps.DoublyLinkedListDequeTest$test" time="0.001"/>
  <testcase name="CheckDeleteFirstWithValues" classname="es.uma.mps.DoublyLinkedListDequeTest$test" time="0.001"/>
</testsuite>